example/monjo_live/build/app/intermediates/manifest_merge_blame_file/debug/manifest-merger-blame-debug-report.txt
1<?xml version="1.0" encoding="utf-8"?>
2<manifest xmlns:android="http://schemas.android.com/apk/res/android"
3    package="com.example.monjo_live"
4    android:versionCode="1"
5    android:versionName="1.0.0" >
6
7    <uses-sdk
8        android:minSdkVersion="23"
9        android:targetSdkVersion="30" />
10    <!--
11         Flutter needs it to communicate with the running application
12         to allow setting breakpoints, to provide hot reload, etc.
13    -->
14    <uses-permission android:name="android.permission.INTERNET" />
14-->src/main/AndroidManifest.xml:9:5-67
14-->src/main/AndroidManifest.xml:9:22-64
15
16    <uses-feature android:name="android.hardware.camera" />
16-->src/main/AndroidManifest.xml:4:5-60
16-->src/main/AndroidManifest.xml:4:19-57
17    <uses-feature android:name="android.hardware.camera.autofocus" />
17-->src/main/AndroidManifest.xml:5:5-70
17-->src/main/AndroidManifest.xml:5:19-67
18
19    <uses-permission android:name="android.permission.CAMERA" />
19-->src/main/AndroidManifest.xml:6:5-65
19-->src/main/AndroidManifest.xml:6:22-62
20    <uses-permission android:name="android.permission.RECORD_AUDIO" />
20-->src/main/AndroidManifest.xml:7:5-71
20-->src/main/AndroidManifest.xml:7:22-68
21    <uses-permission android:name="android.permission.ACCESS_NETWORK_STATE" />
21-->src/main/AndroidManifest.xml:8:5-79
21-->src/main/AndroidManifest.xml:8:22-76
22    <uses-permission android:name="android.permission.CHANGE_NETWORK_STATE" />
22-->src/main/AndroidManifest.xml:10:5-79
22-->src/main/AndroidManifest.xml:10:22-76
23    <uses-permission android:name="android.permission.MODIFY_AUDIO_SETTINGS" />
23-->src/main/AndroidManifest.xml:11:5-80
23-->src/main/AndroidManifest.xml:11:22-77
24
25    <application
25-->src/main/AndroidManifest.xml:14:5-44:19
26        android:name="io.flutter.app.FlutterApplication"
26-->src/main/AndroidManifest.xml:15:9-57
27        android:appComponentFactory="androidx.core.app.CoreComponentFactory"
27-->[androidx.core:core:1.1.0] AndroidManifest.xml:24:18-86
28        android:debuggable="true"
29        android:icon="@mipmap/ic_launcher"
29-->src/main/AndroidManifest.xml:17:9-43
30        android:label="monjo_live" >
30-->src/main/AndroidManifest.xml:16:9-35
31        <activity
31-->src/main/AndroidManifest.xml:18:9-39:20
32            android:name="com.example.monjo_live.MainActivity"
32-->src/main/AndroidManifest.xml:19:13-41
33            android:configChanges="orientation|keyboardHidden|keyboard|screenSize|smallestScreenSize|locale|layoutDirection|fontScale|screenLayout|density|uiMode"
33-->src/main/AndroidManifest.xml:22:13-163
34            android:hardwareAccelerated="true"
34-->src/main/AndroidManifest.xml:23:13-47
35            android:launchMode="singleTop"
35-->src/main/AndroidManifest.xml:20:13-43
36            android:theme="@style/LaunchTheme"
36-->src/main/AndroidManifest.xml:21:13-47
37            android:windowSoftInputMode="adjustResize" >
37-->src/main/AndroidManifest.xml:24:13-55
38            <meta-data
38-->src/main/AndroidManifest.xml:26:13-29:17
39                android:name="io.flutter.embedding.android.NormalTheme"
39-->src/main/AndroidManifest.xml:27:15-70
40                android:resource="@style/NormalTheme" />
40-->src/main/AndroidManifest.xml:28:15-52
41            <meta-data
41-->src/main/AndroidManifest.xml:31:13-34:17
42                android:name="io.flutter.embedding.android.SplashScreenDrawable"
42-->src/main/AndroidManifest.xml:32:15-79
43                android:resource="@drawable/launch_background" />
43-->src/main/AndroidManifest.xml:33:15-61
44
45            <intent-filter>
45-->src/main/AndroidManifest.xml:35:13-38:29
46                <action android:name="android.intent.action.MAIN" />
46-->src/main/AndroidManifest.xml:36:17-68
46-->src/main/AndroidManifest.xml:36:25-66
47
48                <category android:name="android.intent.category.LAUNCHER" />
48-->src/main/AndroidManifest.xml:37:17-76
48-->src/main/AndroidManifest.xml:37:27-74
49            </intent-filter>
50        </activity>
51
52        <meta-data
52-->src/main/AndroidManifest.xml:41:9-43:33
53            android:name="flutterEmbedding"
53-->src/main/AndroidManifest.xml:42:13-44
54            android:value="2" />
54-->src/main/AndroidManifest.xml:43:13-30
55    </application>
56
57</manifest>